<?xml version="1.0" encoding="UTF-8"?>
<robot generator="Robot 6.1.1 (Python 3.11.5 on win32)" generated="20231004 13:27:09.630" rpa="false" schemaversion="4">
<suite id="s1" name="Test" source="C:\Users\NEYOMA\PycharmProjects\initiation1\mes-scripts\test.robot">
<test id="s1-t1" name="tc01 test" line="6">
<kw name="Open Browser" library="SeleniumLibrary">
<arg>https://www.google.com/ chrome</arg>
<doc>Opens a new browser instance to the optional ``url``.</doc>
<msg timestamp="20231004 13:27:09.866" level="INFO">Opening browser 'firefox' to base url 'https://www.google.com/ chrome'.</msg>
<status status="PASS" starttime="20231004 13:27:09.865" endtime="20231004 13:27:17.130"/>
</kw>
<status status="PASS" starttime="20231004 13:27:09.865" endtime="20231004 13:27:17.130"/>
</test>
<status status="PASS" starttime="20231004 13:27:09.631" endtime="20231004 13:27:17.131"/>
</suite>
<statistics>
<total>
<stat pass="1" fail="0" skip="0">All Tests</stat>
</total>
<tag>
</tag>
<suite>
<stat pass="1" fail="0" skip="0" id="s1" name="Test">Test</stat>
</suite>
</statistics>
<errors>
</errors>
</robot>
